app/build/intermediates/manifest_merge_blame_file/debug/processDebugMainManifest/manifest-merger-blame-debug-report.txt
1<?xml version="1.0" encoding="utf-8"?>
2<manifest xmlns:android="http://schemas.android.com/apk/res/android"
3    package="com.example.carvideo"
4    android:versionCode="3"
5    android:versionName="1.2-private" >
6
7    <uses-sdk
7-->INJECTED
8        android:minSdkVersion="29"
8-->INJECTED
9        android:targetSdkVersion="37" />
9-->INJECTED
10
11    <uses-permission android:name="android.permission.INTERNET" />
11-->src\main\AndroidManifest.xml:4:5-67
11-->src\main\AndroidManifest.xml:4:22-64
12    <uses-permission android:name="android.permission.FOREGROUND_SERVICE" />
12-->src\main\AndroidManifest.xml:5:5-77
12-->src\main\AndroidManifest.xml:5:22-74
13    <uses-permission android:name="android.permission.FOREGROUND_SERVICE_MEDIA_PLAYBACK" />
13-->src\main\AndroidManifest.xml:6:5-92
13-->src\main\AndroidManifest.xml:6:22-89
14    <uses-permission android:name="android.permission.WAKE_LOCK" />
14-->src\main\AndroidManifest.xml:7:5-68
14-->src\main\AndroidManifest.xml:7:22-65
15    <uses-permission android:name="android.permission.POST_NOTIFICATIONS" />
15-->src\main\AndroidManifest.xml:8:5-77
15-->src\main\AndroidManifest.xml:8:22-74
16    <uses-permission android:name="android.permission.REQUEST_INSTALL_PACKAGES" />
16-->src\main\AndroidManifest.xml:9:5-83
16-->src\main\AndroidManifest.xml:9:22-80
17    <uses-permission android:name="androidx.car.app.MEDIA_TEMPLATES" />
17-->src\main\AndroidManifest.xml:10:5-72
17-->src\main\AndroidManifest.xml:10:22-69
18    <uses-permission android:name="androidx.car.app.PERMISSION_CAR_SPEED" />
18-->src\main\AndroidManifest.xml:11:5-77
18-->src\main\AndroidManifest.xml:11:22-74
19
20    <queries>
20-->[androidx.car.app:app:1.7.0] AndroidManifest.xml:23:5-28:15
21        <provider
21-->[androidx.car.app:app:1.7.0] AndroidManifest.xml:24:9-27:43
22            android:name="androidx.car.app.connection.provider"
22-->[androidx.car.app:app:1.7.0] AndroidManifest.xml:25:13-64
23            android:authorities="androidx.car.app.connection" />
23-->[androidx.car.app:app:1.7.0] AndroidManifest.xml:26:13-62
24    </queries>
25
26    <uses-permission android:name="android.permission.ACCESS_NETWORK_STATE" />
26-->[androidx.media3:media3-exoplayer:1.10.1] AndroidManifest.xml:22:5-79
26-->[androidx.media3:media3-exoplayer:1.10.1] AndroidManifest.xml:22:22-76
27
28    <permission
28-->[androidx.core:core:1.15.0] AndroidManifest.xml:22:5-24:47
29        android:name="com.example.carvideo.DYNAMIC_RECEIVER_NOT_EXPORTED_PERMISSION"
29-->[androidx.core:core:1.15.0] AndroidManifest.xml:23:9-81
30        android:protectionLevel="signature" />
30-->[androidx.core:core:1.15.0] AndroidManifest.xml:24:9-44
31
32    <uses-permission android:name="com.example.carvideo.DYNAMIC_RECEIVER_NOT_EXPORTED_PERMISSION" />
32-->[androidx.core:core:1.15.0] AndroidManifest.xml:26:5-97
32-->[androidx.core:core:1.15.0] AndroidManifest.xml:26:22-94
33
34    <application
34-->src\main\AndroidManifest.xml:13:5-73:19
35        android:name="com.example.carvideo.CarVideoApp"
35-->src\main\AndroidManifest.xml:14:9-36
36        android:allowBackup="false"
36-->src\main\AndroidManifest.xml:15:9-36
37        android:appComponentFactory="androidx.core.app.CoreComponentFactory"
37-->[androidx.core:core:1.15.0] AndroidManifest.xml:28:18-86
38        android:debuggable="true"
39        android:extractNativeLibs="false"
39-->INJECTED
40        android:icon="@android:drawable/ic_media_play"
40-->src\main\AndroidManifest.xml:16:9-55
41        android:label="@string/app_name"
41-->src\main\AndroidManifest.xml:17:9-41
42        android:testOnly="true"
43        android:theme="@android:style/Theme.Material.Light.NoActionBar"
43-->src\main\AndroidManifest.xml:18:9-72
44        android:usesCleartextTraffic="false" >
44-->src\main\AndroidManifest.xml:19:9-45
45        <meta-data
45-->src\main\AndroidManifest.xml:21:9-23:59
46            android:name="com.google.android.gms.car.application"
46-->src\main\AndroidManifest.xml:22:13-66
47            android:resource="@xml/automotive_app_desc" />
47-->src\main\AndroidManifest.xml:23:13-56
48
49        <provider
49-->INJECTED
50            android:name="androidx.core.content.FileProvider"
50-->src\main\AndroidManifest.xml:26:13-62
51            android:authorities="com.example.carvideo.fileprovider"
51-->INJECTED
52            android:exported="false"
52-->src\main\AndroidManifest.xml:28:13-37
53            android:grantUriPermissions="true" >
53-->src\main\AndroidManifest.xml:29:13-47
54            <meta-data
54-->src\main\AndroidManifest.xml:30:13-32:54
55                android:name="android.support.FILE_PROVIDER_PATHS"
55-->src\main\AndroidManifest.xml:31:17-67
56                android:resource="@xml/file_paths" />
56-->src\main\AndroidManifest.xml:32:17-51
57        </provider>
58
59        <activity
59-->src\main\AndroidManifest.xml:35:9-47:20
60            android:name="com.example.carvideo.MainActivity"
60-->src\main\AndroidManifest.xml:36:13-41
61            android:exported="true" >
61-->src\main\AndroidManifest.xml:37:13-36
62            <intent-filter>
62-->src\main\AndroidManifest.xml:38:13-41:29
63                <action android:name="android.intent.action.MAIN" />
63-->src\main\AndroidManifest.xml:39:17-69
63-->src\main\AndroidManifest.xml:39:25-66
64
65                <category android:name="android.intent.category.LAUNCHER" />
65-->src\main\AndroidManifest.xml:40:17-77
65-->src\main\AndroidManifest.xml:40:27-74
66            </intent-filter>
67            <!-- Intent filter voor Voice Search / Assistant -->
68            <intent-filter>
68-->src\main\AndroidManifest.xml:43:13-46:29
69                <action android:name="android.media.action.MEDIA_PLAY_FROM_SEARCH" />
69-->src\main\AndroidManifest.xml:44:17-86
69-->src\main\AndroidManifest.xml:44:25-83
70
71                <category android:name="android.intent.category.DEFAULT" />
71-->src\main\AndroidManifest.xml:45:17-76
71-->src\main\AndroidManifest.xml:45:27-73
72            </intent-filter>
73        </activity>
74
75        <service
75-->src\main\AndroidManifest.xml:49:9-56:19
76            android:name="com.example.carvideo.carapp.VideoCarAppService"
76-->src\main\AndroidManifest.xml:50:13-54
77            android:exported="true" >
77-->src\main\AndroidManifest.xml:51:13-36
78            <intent-filter>
78-->src\main\AndroidManifest.xml:52:13-55:29
79                <action android:name="androidx.car.app.CarAppService" />
79-->src\main\AndroidManifest.xml:53:17-73
79-->src\main\AndroidManifest.xml:53:25-70
80
81                <category android:name="androidx.car.app.category.POI" />
81-->src\main\AndroidManifest.xml:54:17-74
81-->src\main\AndroidManifest.xml:54:27-71
82            </intent-filter>
83        </service>
84
85        <meta-data
85-->src\main\AndroidManifest.xml:58:9-60:33
86            android:name="androidx.car.app.minCarApiLevel"
86-->src\main\AndroidManifest.xml:59:13-59
87            android:value="1" />
87-->src\main\AndroidManifest.xml:60:13-30
88
89        <service
89-->src\main\AndroidManifest.xml:62:9-71:19
90            android:name="com.example.carvideo.player.PlaybackService"
90-->src\main\AndroidManifest.xml:63:13-51
91            android:exported="true"
91-->src\main\AndroidManifest.xml:64:13-36
92            android:foregroundServiceType="mediaPlayback" >
92-->src\main\AndroidManifest.xml:65:13-58
93            <intent-filter>
93-->src\main\AndroidManifest.xml:66:13-70:29
94                <action android:name="androidx.media3.session.MediaLibraryService" />
94-->src\main\AndroidManifest.xml:67:17-86
94-->src\main\AndroidManifest.xml:67:25-83
95                <action android:name="androidx.media3.session.MediaSessionService" />
95-->src\main\AndroidManifest.xml:68:17-86
95-->src\main\AndroidManifest.xml:68:25-83
96                <action android:name="android.media.browse.MediaBrowserService" />
96-->src\main\AndroidManifest.xml:69:17-83
96-->src\main\AndroidManifest.xml:69:25-80
97            </intent-filter>
98        </service>
99        <service
99-->[androidx.car.app:app-projected:1.7.0] AndroidManifest.xml:24:9-34:19
100            android:name="androidx.car.app.CarAppMetadataHolderService"
100-->[androidx.car.app:app-projected:1.7.0] AndroidManifest.xml:25:13-72
101            android:enabled="false"
101-->[androidx.car.app:app-projected:1.7.0] AndroidManifest.xml:26:13-36
102            android:exported="false"
102-->[androidx.car.app:app-projected:1.7.0] AndroidManifest.xml:27:13-37
103            android:process="" >
103-->[androidx.car.app:app-projected:1.7.0] AndroidManifest.xml:28:13-31
104            <meta-data
104-->[androidx.car.app:app-projected:1.7.0] AndroidManifest.xml:31:13-33:89
105                android:name="androidx.car.app.CarAppMetadataHolderService.CAR_HARDWARE_MANAGER"
105-->[androidx.car.app:app-projected:1.7.0] AndroidManifest.xml:32:17-97
106                android:value="androidx.car.app.hardware.ProjectedCarHardwareManager" />
106-->[androidx.car.app:app-projected:1.7.0] AndroidManifest.xml:33:17-86
107        </service>
108
109        <activity
109-->[androidx.car.app:app:1.7.0] AndroidManifest.xml:31:9-34:75
110            android:name="androidx.car.app.CarAppPermissionActivity"
110-->[androidx.car.app:app:1.7.0] AndroidManifest.xml:32:13-69
111            android:exported="false"
111-->[androidx.car.app:app:1.7.0] AndroidManifest.xml:33:13-37
112            android:theme="@android:style/Theme.Translucent.NoTitleBar" />
112-->[androidx.car.app:app:1.7.0] AndroidManifest.xml:34:13-72
113
114        <receiver
114-->[androidx.car.app:app:1.7.0] AndroidManifest.xml:36:9-38:40
115            android:name="androidx.car.app.notification.CarAppNotificationBroadcastReceiver"
115-->[androidx.car.app:app:1.7.0] AndroidManifest.xml:37:13-93
116            android:exported="false" />
116-->[androidx.car.app:app:1.7.0] AndroidManifest.xml:38:13-37
117
118        <provider
118-->[androidx.emoji2:emoji2:1.4.0] AndroidManifest.xml:24:9-32:20
119            android:name="androidx.startup.InitializationProvider"
119-->[androidx.emoji2:emoji2:1.4.0] AndroidManifest.xml:25:13-67
120            android:authorities="com.example.carvideo.androidx-startup"
120-->[androidx.emoji2:emoji2:1.4.0] AndroidManifest.xml:26:13-68
121            android:exported="false" >
121-->[androidx.emoji2:emoji2:1.4.0] AndroidManifest.xml:27:13-37
122            <meta-data
122-->[androidx.emoji2:emoji2:1.4.0] AndroidManifest.xml:29:13-31:52
123                android:name="androidx.emoji2.text.EmojiCompatInitializer"
123-->[androidx.emoji2:emoji2:1.4.0] AndroidManifest.xml:30:17-75
124                android:value="androidx.startup" />
124-->[androidx.emoji2:emoji2:1.4.0] AndroidManifest.xml:31:17-49
125            <meta-data
125-->[androidx.lifecycle:lifecycle-process:2.10.0] AndroidManifest.xml:29:13-31:52
126                android:name="androidx.lifecycle.ProcessLifecycleInitializer"
126-->[androidx.lifecycle:lifecycle-process:2.10.0] AndroidManifest.xml:30:17-78
127                android:value="androidx.startup" />
127-->[androidx.lifecycle:lifecycle-process:2.10.0] AndroidManifest.xml:31:17-49
128            <meta-data
128-->[com.squareup.okhttp3:okhttp-android:5.3.2] AndroidManifest.xml:16:13-18:52
129                android:name="okhttp3.internal.platform.PlatformInitializer"
129-->[com.squareup.okhttp3:okhttp-android:5.3.2] AndroidManifest.xml:17:17-77
130                android:value="androidx.startup" />
130-->[com.squareup.okhttp3:okhttp-android:5.3.2] AndroidManifest.xml:18:17-49
131            <meta-data
131-->[androidx.profileinstaller:profileinstaller:1.4.0] AndroidManifest.xml:29:13-31:52
132                android:name="androidx.profileinstaller.ProfileInstallerInitializer"
132-->[androidx.profileinstaller:profileinstaller:1.4.0] AndroidManifest.xml:30:17-85
133                android:value="androidx.startup" />
133-->[androidx.profileinstaller:profileinstaller:1.4.0] AndroidManifest.xml:31:17-49
134        </provider>
135
136        <service
136-->[androidx.room:room-runtime:2.6.1] AndroidManifest.xml:24:9-28:63
137            android:name="androidx.room.MultiInstanceInvalidationService"
137-->[androidx.room:room-runtime:2.6.1] AndroidManifest.xml:25:13-74
138            android:directBootAware="true"
138-->[androidx.room:room-runtime:2.6.1] AndroidManifest.xml:26:13-43
139            android:exported="false" />
139-->[androidx.room:room-runtime:2.6.1] AndroidManifest.xml:27:13-37
140
141        <receiver
141-->[androidx.profileinstaller:profileinstaller:1.4.0] AndroidManifest.xml:34:9-52:20
142            android:name="androidx.profileinstaller.ProfileInstallReceiver"
142-->[androidx.profileinstaller:profileinstaller:1.4.0] AndroidManifest.xml:35:13-76
143            android:directBootAware="false"
143-->[androidx.profileinstaller:profileinstaller:1.4.0] AndroidManifest.xml:36:13-44
144            android:enabled="true"
144-->[androidx.profileinstaller:profileinstaller:1.4.0] AndroidManifest.xml:37:13-35
145            android:exported="true"
145-->[androidx.profileinstaller:profileinstaller:1.4.0] AndroidManifest.xml:38:13-36
146            android:permission="android.permission.DUMP" >
146-->[androidx.profileinstaller:profileinstaller:1.4.0] AndroidManifest.xml:39:13-57
147            <intent-filter>
147-->[androidx.profileinstaller:profileinstaller:1.4.0] AndroidManifest.xml:40:13-42:29
148                <action android:name="androidx.profileinstaller.action.INSTALL_PROFILE" />
148-->[androidx.profileinstaller:profileinstaller:1.4.0] AndroidManifest.xml:41:17-91
148-->[androidx.profileinstaller:profileinstaller:1.4.0] AndroidManifest.xml:41:25-88
149            </intent-filter>
150            <intent-filter>
150-->[androidx.profileinstaller:profileinstaller:1.4.0] AndroidManifest.xml:43:13-45:29
151                <action android:name="androidx.profileinstaller.action.SKIP_FILE" />
151-->[androidx.profileinstaller:profileinstaller:1.4.0] AndroidManifest.xml:44:17-85
151-->[androidx.profileinstaller:profileinstaller:1.4.0] AndroidManifest.xml:44:25-82
152            </intent-filter>
153            <intent-filter>
153-->[androidx.profileinstaller:profileinstaller:1.4.0] AndroidManifest.xml:46:13-48:29
154                <action android:name="androidx.profileinstaller.action.SAVE_PROFILE" />
154-->[androidx.profileinstaller:profileinstaller:1.4.0] AndroidManifest.xml:47:17-88
154-->[androidx.profileinstaller:profileinstaller:1.4.0] AndroidManifest.xml:47:25-85
155            </intent-filter>
156            <intent-filter>
156-->[androidx.profileinstaller:profileinstaller:1.4.0] AndroidManifest.xml:49:13-51:29
157                <action android:name="androidx.profileinstaller.action.BENCHMARK_OPERATION" />
157-->[androidx.profileinstaller:profileinstaller:1.4.0] AndroidManifest.xml:50:17-95
157-->[androidx.profileinstaller:profileinstaller:1.4.0] AndroidManifest.xml:50:25-92
158            </intent-filter>
159        </receiver>
160    </application>
161
162</manifest>